\BOOKMARK [0][]{section*.1}{List\040of\040Tables}{}% 1
\BOOKMARK [0][]{section*.2}{List\040of\040Figures}{}% 2
\BOOKMARK [-1][]{part.1}{I\040Introduction}{}% 3
\BOOKMARK [0][]{chapter.1}{Introduction\040and\040main\040objectives}{part.1}% 4
\BOOKMARK [1][]{section.1.1}{Epidemiological\040theory\040foundations}{chapter.1}% 5
\BOOKMARK [2][]{subsection.1.1.1}{\040Epidemiologic\040research\040historical\040background}{section.1.1}% 6
\BOOKMARK [2][]{subsection.1.1.2}{Epidemiological\040glossary}{section.1.1}% 7
\BOOKMARK [1][]{section.1.2}{Opinion/behaviour\040glossary}{chapter.1}% 8
\BOOKMARK [1][]{section.1.3}{Epidemiological\040models\040categorization}{chapter.1}% 9
\BOOKMARK [2][]{subsection.1.3.1}{Mean\040field\040models}{section.1.3}% 10
\BOOKMARK [2][]{subsection.1.3.2}{Stochastic\040models}{section.1.3}% 11
\BOOKMARK [2][]{subsection.1.3.3}{Agent-based\040networks}{section.1.3}% 12
\BOOKMARK [2][]{subsection.1.3.4}{Multilayer\040systems}{section.1.3}% 13
\BOOKMARK [-1][]{part.2}{II\040Behavioural\040Disease\040Model}{}% 14
\BOOKMARK [0][]{chapter.2}{Review\040of\040epidemiological\040behavioural\040and\040opinion\040models\040in\040literature}{part.2}% 15
\BOOKMARK [1][]{section.2.1}{Opinion\040models}{chapter.2}% 16
\BOOKMARK [1][]{section.2.2}{Multilayer\040network}{chapter.2}% 17
\BOOKMARK [1][]{section.2.3}{Opinion-disease\040model}{chapter.2}% 18
\BOOKMARK [0][]{chapter.3}{Models\040description\040and\040analysis}{part.2}% 19
\BOOKMARK [1][]{section.3.1}{Epidemiological\040model}{chapter.3}% 20
\BOOKMARK [2][]{subsection.3.1.1}{SIRS\040model}{section.3.1}% 21
\BOOKMARK [1][]{section.3.2}{Behavioural\040model}{chapter.3}% 22
\BOOKMARK [0][]{figure.caption.30}{Bibliography}{part.2}% 23
