\BOOKMARK [0][]{section*.1}{\376\377\000L\000i\000s\000t\000\040\000o\000f\000\040\000F\000i\000g\000u\000r\000e\000s}{}% 1
\BOOKMARK [-1][]{part.1}{\376\377\000I\000\040\000I\000n\000t\000r\000o\000d\000u\000c\000t\000i\000o\000n}{}% 2
\BOOKMARK [0][]{chapter.1}{\376\377\000I\000n\000t\000r\000o\000d\000u\000c\000t\000i\000o\000n}{part.1}% 3
\BOOKMARK [1][]{section.1.1}{\376\377\000P\000r\000e\000s\000e\000n\000t\000a\000t\000i\000o\000n\000\040\000o\000f\000\040\000t\000h\000e\000\040\000w\000o\000r\000k\000\040\000r\000e\000a\000l\000i\000z\000e\000d}{chapter.1}% 4
\BOOKMARK [0][]{chapter.2}{\376\377\000M\000a\000i\000n\000\040\000o\000b\000j\000e\000c\000t\000i\000v\000e\000s\000\040\000a\000n\000d\000\040\000s\000u\000m\000m\000a\000r\000y\000\040\000o\000f\000\040\000t\000h\000e\000\040\000c\000o\000n\000t\000e\000n\000t\000s}{part.1}% 5
\BOOKMARK [0][]{chapter.3}{\376\377\000T\000h\000e\000o\000r\000e\000t\000i\000c\000a\000l\000\040\000b\000a\000c\000k\000g\000r\000o\000u\000n\000d}{part.1}% 6
\BOOKMARK [1][]{section.3.1}{\376\377\000E\000p\000i\000d\000e\000m\000i\000o\000l\000o\000g\000i\000c\000a\000l\000\040\000t\000h\000e\000o\000r\000y\000\040\000f\000o\000u\000n\000d\000a\000t\000i\000o\000n\000s}{chapter.3}% 7
\BOOKMARK [2][]{subsection.3.1.1}{\376\377\000E\000p\000i\000d\000e\000m\000i\000o\000l\000o\000g\000i\000c\000a\000l\000\040\000r\000e\000s\000e\000a\000r\000c\000h\000\040\000h\000i\000s\000t\000o\000r\000i\000c\000a\000l\000\040\000b\000a\000c\000k\000g\000r\000o\000u\000n\000d}{section.3.1}% 8
\BOOKMARK [2][]{subsection.3.1.2}{\376\377\000E\000p\000i\000d\000e\000m\000i\000o\000l\000o\000g\000i\000c\000a\000l\000\040\000g\000l\000o\000s\000s\000a\000r\000y}{section.3.1}% 9
\BOOKMARK [1][]{section.3.2}{\376\377\000O\000p\000i\000n\000i\000o\000n\000/\000b\000e\000h\000a\000v\000i\000o\000u\000r\000\040\000g\000l\000o\000s\000s\000a\000r\000y}{chapter.3}% 10
\BOOKMARK [1][]{section.3.3}{\376\377\000E\000p\000i\000d\000e\000m\000i\000o\000l\000o\000g\000i\000c\000a\000l\000\040\000m\000o\000d\000e\000l\000s\000\040\000c\000a\000t\000e\000g\000o\000r\000i\000z\000a\000t\000i\000o\000n}{chapter.3}% 11
\BOOKMARK [2][]{subsection.3.3.1}{\376\377\000M\000e\000a\000n\000\040\000f\000i\000e\000l\000d\000\040\000m\000o\000d\000e\000l\000s}{section.3.3}% 12
\BOOKMARK [0][]{chapter.4}{\376\377\000D\000a\000\040\000s\000i\000s\000t\000e\000m\000a\000r\000e\000\040}{part.1}% 13
\BOOKMARK [1][]{subsection.4.0.1}{\376\377\000N\000e\000t\000w\000o\000r\000k\000e\000d\000\040\000m\000o\000d\000e\000l\000s}{chapter.4}% 14
\BOOKMARK [2][]{subsection.4.0.2}{\376\377\000A\000g\000e\000n\000t\000-\000b\000a\000s\000e\000d\000\040\000m\000o\000d\000e\000l\000s}{subsection.4.0.1}% 15
\BOOKMARK [2][]{subsection.4.0.3}{\376\377\000M\000u\000l\000t\000i\000l\000a\000y\000e\000r\000\040\000s\000y\000s\000t\000e\000m\000s\000\040\000a\000n\000d\000\040\000n\000e\000t\000w\000o\000r\000k\000s}{subsection.4.0.1}% 16
\BOOKMARK [0][]{chapter.5}{\376\377\000R\000e\000v\000i\000e\000w\000\040\000o\000f\000\040\000e\000p\000i\000d\000e\000m\000i\000o\000l\000o\000g\000i\000c\000a\000l\000\040\000b\000e\000h\000a\000v\000i\000o\000u\000r\000a\000l\000\040\000a\000n\000d\000\040\000o\000p\000i\000n\000i\000o\000n\000\040\000m\000o\000d\000e\000l\000s\000\040\000i\000n\000\040\000l\000i\000t\000e\000r\000a\000t\000u\000r\000e}{part.1}% 17
\BOOKMARK [1][]{section.5.1}{\376\377\000I\000n\000f\000o\000r\000m\000a\000t\000i\000o\000n\000'\000s\000\040\000s\000o\000u\000r\000c\000e\000s}{chapter.5}% 18
\BOOKMARK [1][]{section.5.2}{\376\377\000C\000l\000a\000s\000s\000i\000f\000i\000c\000a\000t\000i\000o\000n\000\040\000o\000f\000\040\000d\000i\000f\000f\000e\000r\000e\000n\000t\000\040\000t\000y\000p\000e\000s\000\040\000o\000f\000\040\000i\000n\000f\000o\000r\000m\000a\000t\000i\000o\000n}{chapter.5}% 19
\BOOKMARK [1][]{section.5.3}{\376\377\000H\000o\000w\000\040\000i\000n\000t\000e\000g\000r\000a\000t\000e\000\040\000b\000e\000h\000a\000v\000i\000o\000r\000\040\000i\000n\000\040\000e\000p\000i\000d\000e\000m\000i\000o\000l\000o\000g\000y}{chapter.5}% 20
\BOOKMARK [2][]{subsection.5.3.1}{\376\377\000M\000o\000d\000e\000l\000s\000\040\000i\000n\000\040\000w\000h\000i\000c\000h\000\040\000c\000h\000a\000n\000g\000e\000\040\000t\000h\000e\000\040\000i\000n\000d\000i\000v\000i\000d\000u\000a\000l\000'\000\040\000s\000t\000a\000t\000e}{section.5.3}% 21
\BOOKMARK [2][]{subsection.5.3.2}{\376\377\000H\000o\000m\000o\000g\000e\000n\000e\000o\000u\000s\000\040\000p\000o\000p\000u\000l\000a\000t\000i\000o\000n\000\040\000m\000o\000d\000e\000l\000s}{section.5.3}% 22
\BOOKMARK [1][]{section.5.4}{\376\377\000A\000n\000a\000l\000y\000s\000i\000s\000\040\000o\000f\000\040\000t\000h\000e\000\040\000l\000i\000t\000e\000r\000a\000t\000u\000r\000e}{chapter.5}% 23
\BOOKMARK [2][]{subsection.5.4.1}{\376\377\000I\000n\000d\000i\000v\000i\000d\000u\000a\000l\000\040\000s\000t\000a\000t\000e\000\040\000m\000o\000d\000e\000l\000s}{section.5.4}% 24
\BOOKMARK [2][]{subsection.5.4.2}{\376\377\000W\000e\000l\000l\000-\000m\000i\000x\000e\000d\000\040\000p\000o\000p\000u\000l\000a\000t\000i\000o\000n\000\040\000m\000o\000d\000e\000l\000s}{section.5.4}% 25
\BOOKMARK [-1][]{part.2}{\376\377\000I\000I\000\040\000B\000e\000h\000a\000v\000i\000o\000r\000a\000l\000\040\000D\000i\000s\000e\000a\000s\000e\000\040\000M\000o\000d\000e\000l}{}% 26
\BOOKMARK [0][]{chapter.6}{\376\377\000E\000p\000i\000d\000e\000m\000i\000c\000\040\000a\000n\000d\000\040\000B\000e\000h\000a\000v\000i\000o\000r\000a\000l\000\040\000m\000o\000d\000e\000l\000\040\000a\000l\000o\000n\000e\000:\000\040\000a\000\040\000p\000r\000e\000s\000e\000n\000t\000a\000t\000i\000o\000n}{part.2}% 27
\BOOKMARK [1][]{section.6.1}{\376\377\000S\000I\000R\000S\000\040\000m\000o\000d\000e\000l}{chapter.6}% 28
\BOOKMARK [1][]{section.6.2}{\376\377\000B\000e\000h\000a\000v\000i\000o\000u\000r\000a\000l\000\040\000m\000o\000d\000e\000l}{chapter.6}% 29
\BOOKMARK [0][]{chapter.7}{\376\377\000M\000o\000d\000e\000l\000s\000\040\000d\000e\000s\000c\000r\000i\000p\000t\000i\000o\000n\000\040\000a\000n\000d\000\040\000a\000n\000a\000l\000y\000s\000i\000s}{part.2}% 30
\BOOKMARK [1][]{section.7.1}{\376\377\000B\000e\000h\000a\000v\000i\000o\000r\000a\000l\000\040\000e\000p\000i\000d\000e\000m\000i\000c\000\040\000m\000o\000d\000e\000l}{chapter.7}% 31
\BOOKMARK [2][]{subsection.7.1.1}{\376\377\000B\000a\000s\000i\000c\000\040\000r\000e\000p\000r\000o\000d\000u\000c\000t\000i\000o\000n\000\040\000n\000u\000m\000b\000e\000r\000\040\000c\000a\000l\000c\000u\000l\000a\000t\000i\000o\000n}{section.7.1}% 32
\BOOKMARK [-1][]{part.3}{\376\377\000I\000I\000I\000\040\000D\000a\000t\000a\000\040\000a\000n\000a\000l\000y\000s\000i\000s}{}% 33
\BOOKMARK [0][]{chapter.8}{\376\377\000D\000a\000t\000a\000\040}{part.3}% 34
\BOOKMARK [0][]{chapter.8}{\376\377\000B\000i\000b\000l\000i\000o\000g\000r\000a\000p\000h\000y}{part.3}% 35
